I, [2017-11-16T05:32:06.591954 #7623]  INFO -- Kitchen: -----> Starting Kitchen (v1.17.0)
E, [2017-11-16T05:32:06.648682 #7623] ERROR -- Kitchen: ------Exception-------
E, [2017-11-16T05:32:06.649486 #7623] ERROR -- Kitchen: Class: Kitchen::ClientError
E, [2017-11-16T05:32:06.649998 #7623] ERROR -- Kitchen: Message: Could not load the 'docker' driver from the load path. Please ensure that your driver is installed as a gem or included in your Gemfile if using Bundler.
E, [2017-11-16T05:32:06.650469 #7623] ERROR -- Kitchen: ----------------------
E, [2017-11-16T05:32:06.651023 #7623] ERROR -- Kitchen: ------Backtrace-------
E, [2017-11-16T05:32:06.651517 #7623] ERROR -- Kitchen: /opt/chefdk/embedded/lib/ruby/gems/2.4.0/gems/test-kitchen-1.17.0/lib/kitchen/driver.rb:48:in `rescue in for_plugin'
E, [2017-11-16T05:32:06.651988 #7623] ERROR -- Kitchen: /opt/chefdk/embedded/lib/ruby/gems/2.4.0/gems/test-kitchen-1.17.0/lib/kitchen/driver.rb:38:in `for_plugin'
E, [2017-11-16T05:32:06.652501 #7623] ERROR -- Kitchen: /opt/chefdk/embedded/lib/ruby/gems/2.4.0/gems/test-kitchen-1.17.0/lib/kitchen/config.rb:228:in `new_driver'
E, [2017-11-16T05:32:06.652965 #7623] ERROR -- Kitchen: /opt/chefdk/embedded/lib/ruby/gems/2.4.0/gems/test-kitchen-1.17.0/lib/kitchen/config.rb:241:in `new_instance'
E, [2017-11-16T05:32:06.653447 #7623] ERROR -- Kitchen: /opt/chefdk/embedded/lib/ruby/gems/2.4.0/gems/test-kitchen-1.17.0/lib/kitchen/config.rb:137:in `block in build_instances'
E, [2017-11-16T05:32:06.653962 #7623] ERROR -- Kitchen: /opt/chefdk/embedded/lib/ruby/gems/2.4.0/gems/test-kitchen-1.17.0/lib/kitchen/config.rb:136:in `map'
E, [2017-11-16T05:32:06.654429 #7623] ERROR -- Kitchen: /opt/chefdk/embedded/lib/ruby/gems/2.4.0/gems/test-kitchen-1.17.0/lib/kitchen/config.rb:136:in `with_index'
E, [2017-11-16T05:32:06.654891 #7623] ERROR -- Kitchen: /opt/chefdk/embedded/lib/ruby/gems/2.4.0/gems/test-kitchen-1.17.0/lib/kitchen/config.rb:136:in `build_instances'
E, [2017-11-16T05:32:06.655413 #7623] ERROR -- Kitchen: /opt/chefdk/embedded/lib/ruby/gems/2.4.0/gems/test-kitchen-1.17.0/lib/kitchen/config.rb:112:in `instances'
E, [2017-11-16T05:32:06.655935 #7623] ERROR -- Kitchen: /opt/chefdk/embedded/lib/ruby/gems/2.4.0/gems/test-kitchen-1.17.0/lib/kitchen/command.rb:112:in `filtered_instances'
E, [2017-11-16T05:32:06.656373 #7623] ERROR -- Kitchen: /opt/chefdk/embedded/lib/ruby/gems/2.4.0/gems/test-kitchen-1.17.0/lib/kitchen/command.rb:142:in `parse_subcommand'
E, [2017-11-16T05:32:06.656893 #7623] ERROR -- Kitchen: /opt/chefdk/embedded/lib/ruby/gems/2.4.0/gems/test-kitchen-1.17.0/lib/kitchen/command/action.rb:35:in `block in call'
E, [2017-11-16T05:32:06.657348 #7623] ERROR -- Kitchen: /opt/chefdk/embedded/lib/ruby/2.4.0/benchmark.rb:293:in `measure'
E, [2017-11-16T05:32:06.657878 #7623] ERROR -- Kitchen: /opt/chefdk/embedded/lib/ruby/gems/2.4.0/gems/test-kitchen-1.17.0/lib/kitchen/command/action.rb:34:in `call'
E, [2017-11-16T05:32:06.658369 #7623] ERROR -- Kitchen: /opt/chefdk/embedded/lib/ruby/gems/2.4.0/gems/test-kitchen-1.17.0/lib/kitchen/cli.rb:53:in `perform'
E, [2017-11-16T05:32:06.658954 #7623] ERROR -- Kitchen: /opt/chefdk/embedded/lib/ruby/gems/2.4.0/gems/test-kitchen-1.17.0/lib/kitchen/cli.rb:187:in `block (2 levels) in <class:CLI>'
E, [2017-11-16T05:32:06.659571 #7623] ERROR -- Kitchen: /opt/chefdk/embedded/lib/ruby/gems/2.4.0/gems/thor-0.19.1/lib/thor/command.rb:27:in `run'
E, [2017-11-16T05:32:06.660020 #7623] ERROR -- Kitchen: /opt/chefdk/embedded/lib/ruby/gems/2.4.0/gems/thor-0.19.1/lib/thor/invocation.rb:126:in `invoke_command'
E, [2017-11-16T05:32:06.660451 #7623] ERROR -- Kitchen: /opt/chefdk/embedded/lib/ruby/gems/2.4.0/gems/test-kitchen-1.17.0/lib/kitchen/cli.rb:334:in `invoke_task'
E, [2017-11-16T05:32:06.660953 #7623] ERROR -- Kitchen: /opt/chefdk/embedded/lib/ruby/gems/2.4.0/gems/thor-0.19.1/lib/thor.rb:359:in `dispatch'
E, [2017-11-16T05:32:06.661393 #7623] ERROR -- Kitchen: /opt/chefdk/embedded/lib/ruby/gems/2.4.0/gems/thor-0.19.1/lib/thor/base.rb:440:in `start'
E, [2017-11-16T05:32:06.662124 #7623] ERROR -- Kitchen: /opt/chefdk/embedded/lib/ruby/gems/2.4.0/gems/test-kitchen-1.17.0/bin/kitchen:13:in `block in <top (required)>'
E, [2017-11-16T05:32:06.663376 #7623] ERROR -- Kitchen: /opt/chefdk/embedded/lib/ruby/gems/2.4.0/gems/test-kitchen-1.17.0/lib/kitchen/errors.rb:171:in `with_friendly_errors'
E, [2017-11-16T05:32:06.664004 #7623] ERROR -- Kitchen: /opt/chefdk/embedded/lib/ruby/gems/2.4.0/gems/test-kitchen-1.17.0/bin/kitchen:13:in `<top (required)>'
E, [2017-11-16T05:32:06.664834 #7623] ERROR -- Kitchen: /opt/chefdk/embedded/bin/kitchen:23:in `load'
E, [2017-11-16T05:32:06.665780 #7623] ERROR -- Kitchen: /opt/chefdk/embedded/bin/kitchen:23:in `<main>'
E, [2017-11-16T05:32:06.666739 #7623] ERROR -- Kitchen: ----End Backtrace-----
E, [2017-11-16T05:32:06.667704 #7623] ERROR -- Kitchen: ---Nested Exception---
E, [2017-11-16T05:32:06.668377 #7623] ERROR -- Kitchen: Class: LoadError
E, [2017-11-16T05:32:06.668857 #7623] ERROR -- Kitchen: Message: cannot load such file -- kitchen/driver/docker
E, [2017-11-16T05:32:06.669378 #7623] ERROR -- Kitchen: ----------------------
E, [2017-11-16T05:32:06.669912 #7623] ERROR -- Kitchen: ------Backtrace-------
E, [2017-11-16T05:32:06.670464 #7623] ERROR -- Kitchen: /opt/chefdk/embedded/lib/ruby/gems/2.4.0/gems/test-kitchen-1.17.0/lib/kitchen/driver.rb:48:in `rescue in for_plugin'
E, [2017-11-16T05:32:06.671019 #7623] ERROR -- Kitchen: /opt/chefdk/embedded/lib/ruby/gems/2.4.0/gems/test-kitchen-1.17.0/lib/kitchen/driver.rb:38:in `for_plugin'
E, [2017-11-16T05:32:06.671557 #7623] ERROR -- Kitchen: /opt/chefdk/embedded/lib/ruby/gems/2.4.0/gems/test-kitchen-1.17.0/lib/kitchen/config.rb:228:in `new_driver'
E, [2017-11-16T05:32:06.672084 #7623] ERROR -- Kitchen: /opt/chefdk/embedded/lib/ruby/gems/2.4.0/gems/test-kitchen-1.17.0/lib/kitchen/config.rb:241:in `new_instance'
E, [2017-11-16T05:32:06.672607 #7623] ERROR -- Kitchen: /opt/chefdk/embedded/lib/ruby/gems/2.4.0/gems/test-kitchen-1.17.0/lib/kitchen/config.rb:137:in `block in build_instances'
E, [2017-11-16T05:32:06.673169 #7623] ERROR -- Kitchen: /opt/chefdk/embedded/lib/ruby/gems/2.4.0/gems/test-kitchen-1.17.0/lib/kitchen/config.rb:136:in `map'
E, [2017-11-16T05:32:06.673755 #7623] ERROR -- Kitchen: /opt/chefdk/embedded/lib/ruby/gems/2.4.0/gems/test-kitchen-1.17.0/lib/kitchen/config.rb:136:in `with_index'
E, [2017-11-16T05:32:06.674306 #7623] ERROR -- Kitchen: /opt/chefdk/embedded/lib/ruby/gems/2.4.0/gems/test-kitchen-1.17.0/lib/kitchen/config.rb:136:in `build_instances'
E, [2017-11-16T05:32:06.674804 #7623] ERROR -- Kitchen: /opt/chefdk/embedded/lib/ruby/gems/2.4.0/gems/test-kitchen-1.17.0/lib/kitchen/config.rb:112:in `instances'
E, [2017-11-16T05:32:06.675364 #7623] ERROR -- Kitchen: /opt/chefdk/embedded/lib/ruby/gems/2.4.0/gems/test-kitchen-1.17.0/lib/kitchen/command.rb:112:in `filtered_instances'
E, [2017-11-16T05:32:06.675956 #7623] ERROR -- Kitchen: /opt/chefdk/embedded/lib/ruby/gems/2.4.0/gems/test-kitchen-1.17.0/lib/kitchen/command.rb:142:in `parse_subcommand'
E, [2017-11-16T05:32:06.677238 #7623] ERROR -- Kitchen: /opt/chefdk/embedded/lib/ruby/gems/2.4.0/gems/test-kitchen-1.17.0/lib/kitchen/command/action.rb:35:in `block in call'
E, [2017-11-16T05:32:06.677790 #7623] ERROR -- Kitchen: /opt/chefdk/embedded/lib/ruby/2.4.0/benchmark.rb:293:in `measure'
E, [2017-11-16T05:32:06.678189 #7623] ERROR -- Kitchen: /opt/chefdk/embedded/lib/ruby/gems/2.4.0/gems/test-kitchen-1.17.0/lib/kitchen/command/action.rb:34:in `call'
E, [2017-11-16T05:32:06.678614 #7623] ERROR -- Kitchen: /opt/chefdk/embedded/lib/ruby/gems/2.4.0/gems/test-kitchen-1.17.0/lib/kitchen/cli.rb:53:in `perform'
E, [2017-11-16T05:32:06.692812 #7623] ERROR -- Kitchen: /opt/chefdk/embedded/lib/ruby/gems/2.4.0/gems/test-kitchen-1.17.0/lib/kitchen/cli.rb:187:in `block (2 levels) in <class:CLI>'
E, [2017-11-16T05:32:06.693584 #7623] ERROR -- Kitchen: /opt/chefdk/embedded/lib/ruby/gems/2.4.0/gems/thor-0.19.1/lib/thor/command.rb:27:in `run'
E, [2017-11-16T05:32:06.694562 #7623] ERROR -- Kitchen: /opt/chefdk/embedded/lib/ruby/gems/2.4.0/gems/thor-0.19.1/lib/thor/invocation.rb:126:in `invoke_command'
E, [2017-11-16T05:32:06.695189 #7623] ERROR -- Kitchen: /opt/chefdk/embedded/lib/ruby/gems/2.4.0/gems/test-kitchen-1.17.0/lib/kitchen/cli.rb:334:in `invoke_task'
E, [2017-11-16T05:32:06.695733 #7623] ERROR -- Kitchen: /opt/chefdk/embedded/lib/ruby/gems/2.4.0/gems/thor-0.19.1/lib/thor.rb:359:in `dispatch'
E, [2017-11-16T05:32:06.696198 #7623] ERROR -- Kitchen: /opt/chefdk/embedded/lib/ruby/gems/2.4.0/gems/thor-0.19.1/lib/thor/base.rb:440:in `start'
E, [2017-11-16T05:32:06.696893 #7623] ERROR -- Kitchen: /opt/chefdk/embedded/lib/ruby/gems/2.4.0/gems/test-kitchen-1.17.0/bin/kitchen:13:in `block in <top (required)>'
E, [2017-11-16T05:32:06.697371 #7623] ERROR -- Kitchen: /opt/chefdk/embedded/lib/ruby/gems/2.4.0/gems/test-kitchen-1.17.0/lib/kitchen/errors.rb:171:in `with_friendly_errors'
E, [2017-11-16T05:32:06.697883 #7623] ERROR -- Kitchen: /opt/chefdk/embedded/lib/ruby/gems/2.4.0/gems/test-kitchen-1.17.0/bin/kitchen:13:in `<top (required)>'
E, [2017-11-16T05:32:06.698421 #7623] ERROR -- Kitchen: /opt/chefdk/embedded/bin/kitchen:23:in `load'
E, [2017-11-16T05:32:06.698942 #7623] ERROR -- Kitchen: /opt/chefdk/embedded/bin/kitchen:23:in `<main>'
E, [2017-11-16T05:32:06.699750 #7623] ERROR -- Kitchen: ----End Backtrace-----
